Mon Dec 24 2018 15:30:05 GMT-0500 (Eastern Standard Time): GET /
Mon Dec 24 2018 15:30:07 GMT-0500 (Eastern Standard Time): GET /about
Mon Dec 24 2018 15:30:08 GMT-0500 (Eastern Standard Time): GET /
Mon Dec 24 2018 15:37:50 GMT-0500 (Eastern Standard Time): GET /
Mon Dec 24 2018 15:37:52 GMT-0500 (Eastern Standard Time): GET /
Mon Dec 24 2018 15:37:53 GMT-0500 (Eastern Standard Time): GET /
Mon Dec 24 2018 15:37:54 GMT-0500 (Eastern Standard Time): GET /
Mon Dec 24 2018 15:37:54 GMT-0500 (Eastern Standard Time): GET /
Mon Dec 24 2018 15:42:32 GMT-0500 (Eastern Standard Time): GET /about
Mon Dec 24 2018 16:05:25 GMT-0500 (Eastern Standard Time): GET /about
Sun Jan 13 2019 18:24:53 GMT-0500 (Eastern Standard Time): GET /about
Sun Jan 13 2019 18:35:34 GMT-0500 (Eastern Standard Time): GET /about
Sun Jan 13 2019 18:36:17 GMT-0500 (Eastern Standard Time): GET /bad
Sun Jan 13 2019 21:22:56 GMT-0500 (Eastern Standard Time): GET /
Sun Jan 13 2019 21:22:56 GMT-0500 (Eastern Standard Time): GET /favicon.ico
Sun Jan 13 2019 21:23:11 GMT-0500 (Eastern Standard Time): GET /
Sun Jan 13 2019 21:23:17 GMT-0500 (Eastern Standard Time): GET /about
Sun Jan 13 2019 21:23:18 GMT-0500 (Eastern Standard Time): GET /
Sun Jan 13 2019 21:23:19 GMT-0500 (Eastern Standard Time): GET /
Sun Jan 13 2019 21:23:20 GMT-0500 (Eastern Standard Time): GET /about
Sun Jan 13 2019 21:24:33 GMT-0500 (Eastern Standard Time): GET /
